{"name": "test_allure_simple_failed", "status": "failed", "statusDetails": {"message": "AssertionError: This test intentionally fails\nassert False", "trace": "@allure.feature(\"简单功能\")\n    def test_allure_simple_failed():\n        \"\"\"Allure test that fails\"\"\"\n        allure.attach(\"Test log\", \"This is a simple log for failed test\", allure.attachment_type.TEXT)\n>       assert False, \"This test intentionally fails\"\nE       AssertionError: This test intentionally fails\nE       assert False\n\ntests\\test_allure_simple.py:15: AssertionError"}, "description": "Allure test that fails", "attachments": [{"name": "This is a simple log for failed test", "source": "f254ed95-12d4-4499-8ff5-fe4ba59b2d8a-attachment.txt", "type": "text/plain"}], "start": 1765387760245, "stop": 1765387760247, "uuid": "f22fe3f0-977a-48b3-bec8-c0aa0a994565", "historyId": "44c64d671e3aba8b2d2aa1df99346555", "testCaseId": "44c64d671e3aba8b2d2aa1df99346555", "fullName": "tests.test_allure_simple#test_allure_simple_failed", "labels": [{"name": "feature", "value": "简单功能"}, {"name": "parentSuite", "value": "tests"}, {"name": "suite", "value": "test_allure_simple"}, {"name": "host", "value": "mikigo"}, {"name": "thread", "value": "4768-MainThread"}, {"name": "framework", "value": "pytest"}, {"name": "language", "value": "cpython3"}, {"name": "package", "value": "tests.test_allure_simple"}], "titlePath": ["tests", "test_allure_simple.py"]}