{"name": "test_simple_failed", "status": "failed", "statusDetails": {"message": "AssertionError: This test intentionally fails\nassert False", "trace": "def test_simple_failed():\n        \"\"\"Simple test that fails\"\"\"\n>       assert False, \"This test intentionally fails\"\nE       AssertionError: This test intentionally fails\nE       assert False\n\ntests\\test_simple.py:8: AssertionError"}, "description": "Simple test that fails", "start": 1765387760495, "stop": 1765387760496, "uuid": "b98d9c7c-6d45-419b-a264-9598ce720721", "historyId": "bf82e32ee4b76842016afb1d235ff08a", "testCaseId": "bf82e32ee4b76842016afb1d235ff08a", "fullName": "tests.test_simple#test_simple_failed", "labels": [{"name": "parentSuite", "value": "tests"}, {"name": "suite", "value": "test_simple"}, {"name": "host", "value": "mikigo"}, {"name": "thread", "value": "4768-MainThread"}, {"name": "framework", "value": "pytest"}, {"name": "language", "value": "cpython3"}, {"name": "package", "value": "tests.test_simple"}], "titlePath": ["tests", "test_simple.py"]}