<?xml version="1.0" encoding="utf-8"?><testsuites name="pytest tests"><testsuite name="pytest" errors="0" failures="0" skipped="0" tests="32" time="0.369" timestamp="2025-12-10T10:42:39.455123+01:00" hostname="sruiz--gruposavia.eu"><testcase classname="tests.evsrc.infra.test_inmem.A_InMemFileSystem" name="should_create_files" time="0.003" /><testcase classname="tests.evsrc.infra.test_inmem.A_InMemFileSystem" name="should_append_content_to_file" time="0.001" /><testcase classname="tests.evsrc.infra.test_inmem.A_InMemFileSystem" name="should_raise_file_not_found" time="0.001" /><testcase classname="tests.evsrc.infra.test_inmem.A_InMemFileSystem" name="should_list_files" time="0.001" /><testcase classname="tests.evsrc.infra.test_inmem.A_InMemFileSystem" name="should_remove_files" time="0.001" /><testcase classname="tests.evsrc.infra.test_inmem.A_InMemFileSystem" name="should_block_concurrence_editions" time="0.155" /><testcase classname="tests.evsrc.infra.test_json.A_JsonEventBatchParser" name="should_encode_event_records" time="0.002" /><testcase classname="tests.evsrc.infra.test_json.A_JsonEventBatchParser" name="should_raise_error_if_event_is_lost" time="0.001" /><testcase classname="tests.evsrc.infra.test_json.A_JsonEventBatchParser" name="should_return_empty_if_no_records" time="0.000" /><testcase classname="tests.evsrc.lib.test_model.A_EventHistorian" name="should_has_its_change_events_observable" time="0.001" /><testcase classname="tests.evsrc.lib.test_model.A_EventHistorian" name="should_keep_changes_events_to_new_observers" time="0.000" /><testcase classname="tests.evsrc.lib.test_model.A_EventHistorian" name="should_avoid_duplication_of_observers" time="0.000" /><testcase classname="tests.evsrc.lib.test_repos.An_AggregateRepository" name="should_persist_aggregates" time="0.001" /><testcase classname="tests.evsrc.lib.test_repos.An_AggregateRepository" name="should_keep_loaded_aggregates" time="0.001" /><testcase classname="tests.evsrc.lib.test_repos.An_AggregateRepository" name="should_keep_version_sorting" time="0.001" /><testcase classname="tests.evsrc.lib.test_repos.An_AggregateRepository" name="should_raise_aggregate_not_found" time="0.001" /><testcase classname="tests.evsrc.lib.test_repos.An_AggregateRepository" name="should_detect_concurrence" time="0.002" /><testcase classname="tests.evsrc.lib.test_repos.An_AggregateRepository" name="should_take_snapshot_if_max_len" time="0.001" /><testcase classname="tests.evsrc.lib.test_repos.An_AggregateRepository" name="should_take_snapshot_if_max_time" time="0.001" /><testcase classname="tests.evsrc.lib.test_repos.An_AggregateRepository" name="should_dont_create_twice" time="0.001" /><testcase classname="tests.evsrc.lib.test_repos.An_AggregateRepository" name="should_load_past_aggregate_state" time="0.001" /><testcase classname="tests.evsrc.lib.test_repos.An_AggregateRepository" name="should_notify_event_to_external_observers" time="0.001" /><testcase classname="tests.evsrc.lib.test_repos.An_AggregateRepository" name="should_not_store_aggregate_without_key" time="0.001" /><testcase classname="tests.evsrc.lib.test_stores.A_EventBatchStore" name="should_save_batchs" time="0.001" /><testcase classname="tests.evsrc.lib.test_stores.A_EventBatchStore" name="should_append_records" time="0.001" /><testcase classname="tests.evsrc.lib.test_stores.A_EventBatchStore" name="should_split_batchs_when_several_saves" time="0.002" /><testcase classname="tests.evsrc.lib.test_stores.A_EventBatchStore" name="should_avoid_save_unordered_batchs" time="0.001" /><testcase classname="tests.evsrc.lib.test_stores.A_EventBatchStore" name="should_avoid_append_unordered_batchs" time="0.001" /><testcase classname="tests.evsrc.lib.test_stores.A_EventBatchStore" name="should_load_empty" time="0.001" /><testcase classname="tests.evsrc.lib.test_stores.A_SnapshotStore" name="should_return_empty_aggregate_if_no_snap" time="0.001" /><testcase classname="tests.evsrc.lib.test_stores.A_SnapshotStore" name="should_persist_snapshots" time="0.001" /><testcase classname="tests.evsrc.test_bootstrap" name="test_construct_jsonable_aggregate_repo" time="0.001" /></testsuite></testsuites>