{"name": "test_failed_with_error_details", "status": "failed", "statusDetails": {"message": "AssertionError: 测试失败，原因: division by zero\nassert False", "trace": "@allure.feature(\"综合测试\")\n    @allure.story(\"失败场景\")\n    def test_failed_with_error_details():\n        \"\"\"测试失败并带有错误详情\"\"\"\n        try:\n            allure.step(\"执行可能失败的操作\")\n            allure.attach(\"操作参数\", \"这是导致失败的参数值\", allure.attachment_type.TEXT)\n>           result = 10 / 0  # 制造除零错误\nE           ZeroDivisionError: division by zero\n\ntests\\test_comprehensive.py:30: ZeroDivisionError\n\nDuring handling of the above exception, another exception occurred:\n\n    @allure.feature(\"综合测试\")\n    @allure.story(\"失败场景\")\n    def test_failed_with_error_details():\n        \"\"\"测试失败并带有错误详情\"\"\"\n        try:\n            allure.step(\"执行可能失败的操作\")\n            allure.attach(\"操作参数\", \"这是导致失败的参数值\", allure.attachment_type.TEXT)\n            result = 10 / 0  # 制造除零错误\n        except ZeroDivisionError as e:\n            allure.attach(\"错误信息\", str(e), allure.attachment_type.TEXT)\n            allure.attach(\"异常类型\", type(e).__name__, allure.attachment_type.TEXT)\n>           assert False, f\"测试失败，原因: {e}\"\nE           AssertionError: 测试失败，原因: division by zero\nE           assert False\n\ntests\\test_comprehensive.py:34: AssertionError"}, "description": "测试失败并带有错误详情", "attachments": [{"name": "这是导致失败的参数值", "source": "82cb8833-a295-42b4-9963-09cb3dcd269f-attachment.txt", "type": "text/plain"}, {"name": "division by zero", "source": "36407043-38d7-4bee-bb2c-8c7d09fb8509-attachment.txt", "type": "text/plain"}, {"name": "ZeroDivisionError", "source": "560b7059-51df-4dbd-98a8-63eb1d7ca886-attachment.txt", "type": "text/plain"}], "start": 1765387760314, "stop": 1765387760316, "uuid": "24972895-d98f-4b4c-904e-f161b687ee45", "historyId": "754cdcf912dace2f69d00a589fda1afd", "testCaseId": "754cdcf912dace2f69d00a589fda1afd", "fullName": "tests.test_comprehensive#test_failed_with_error_details", "labels": [{"name": "story", "value": "失败场景"}, {"name": "feature", "value": "综合测试"}, {"name": "parentSuite", "value": "tests"}, {"name": "suite", "value": "test_comprehensive"}, {"name": "host", "value": "mikigo"}, {"name": "thread", "value": "4768-MainThread"}, {"name": "framework", "value": "pytest"}, {"name": "language", "value": "cpython3"}, {"name": "package", "value": "tests.test_comprehensive"}], "titlePath": ["tests", "test_comprehensive.py"]}